
  You can now view your Streamlit app in your browser.

  Local URL: http://localhost:8501
  Network URL: http://152.66.253.41:8501

2025-07-18 00:47:54.524 Received event for non-watched file: /home/mohaisen_mohammed/xai/app.py
2025-07-18 00:47:54.525 Received event for non-watched file: /home/mohaisen_mohammed/xai/app.py
2025-07-18 00:47:54.526 Received event for non-watched file: /home/mohaisen_mohammed/xai/app.py
2025-07-18 00:47:54.539 Received event for non-watched file: /home/mohaisen_mohammed/xai/app.py
2025-07-18 00:47:54.540 Received event for non-watched file: /home/mohaisen_mohammed/xai/app.py
2025-07-18 00:47:54.540 Received event for non-watched file: /home/mohaisen_mohammed/xai/app.py

  You can now view your Streamlit app in your browser.

  Local URL: http://localhost:8502
  Network URL: http://152.66.253.41:8502

2025-07-18 01:51:20.440 Received event for non-watched file: /home/mohaisen_mohammed/xai/app.py
2025-07-18 01:51:20.455 Received event for non-watched file: /home/mohaisen_mohammed/xai/app.py
2025-07-18 03:11:59.001 Received event for non-watched file: /home/mohaisen_mohammed/xai/app.py
2025-07-18 03:11:59.001 Received event for non-watched file: /home/mohaisen_mohammed/xai/app.py
2025-07-18 03:11:59.001 Received event for non-watched file: /home/mohaisen_mohammed/xai/app.py
2025-07-18 03:11:59.001 Received event for non-watched file: /home/mohaisen_mohammed/xai/app.py
2025-07-18 03:11:59.002 Received event for non-watched file: /home/mohaisen_mohammed/xai/app.py
2025-07-18 03:11:59.002 Received event for non-watched file: /home/mohaisen_mohammed/xai/app.py
2025-07-18 03:11:59.015 Received event for non-watched file: /home/mohaisen_mohammed/xai/app.py
2025-07-18 03:11:59.015 Received event for non-watched file: /home/mohaisen_mohammed/xai/app.py
2025-07-18 03:11:59.015 Received event for non-watched file: /home/mohaisen_mohammed/xai/app.py
2025-07-18 03:11:59.015 Received event for non-watched file: /home/mohaisen_mohammed/xai/app.py
2025-07-18 03:11:59.015 Received event for non-watched file: /home/mohaisen_mohammed/xai/app.py
2025-07-18 03:11:59.016 Received event for non-watched file: /home/mohaisen_mohammed/xai/app.py
2025-07-18 03:13:51.778 Received event for non-watched file: /home/mohaisen_mohammed/xai/app.py
2025-07-18 03:13:51.778 Received event for non-watched file: /home/mohaisen_mohammed/xai/app.py
2025-07-18 03:13:51.778 Received event for non-watched file: /home/mohaisen_mohammed/xai/app.py
2025-07-18 03:13:51.778 Received event for non-watched file: /home/mohaisen_mohammed/xai/app.py
2025-07-18 03:13:51.779 Received event for non-watched file: /home/mohaisen_mohammed/xai/app.py
2025-07-18 03:13:51.779 Received event for non-watched file: /home/mohaisen_mohammed/xai/app.py
2025-07-18 03:13:51.793 Received event for non-watched file: /home/mohaisen_mohammed/xai/app.py
2025-07-18 03:13:51.793 Received event for non-watched file: /home/mohaisen_mohammed/xai/app.py
2025-07-18 03:13:51.793 Received event for non-watched file: /home/mohaisen_mohammed/xai/app.py
2025-07-18 03:13:51.793 Received event for non-watched file: /home/mohaisen_mohammed/xai/app.py
2025-07-18 03:13:51.793 Received event for non-watched file: /home/mohaisen_mohammed/xai/app.py
2025-07-18 03:13:51.793 Received event for non-watched file: /home/mohaisen_mohammed/xai/app.py
2025-07-18 03:13:51.842 Received event for non-watched file: /home/mohaisen_mohammed/xai/app.py
2025-07-18 03:13:51.843 Received event for non-watched file: /home/mohaisen_mohammed/xai/app.py
2025-07-18 03:13:51.843 Received event for non-watched file: /home/mohaisen_mohammed/xai/app.py
2025-07-18 03:13:51.843 Received event for non-watched file: /home/mohaisen_mohammed/xai/app.py
2025-07-18 03:13:51.843 Received event for non-watched file: /home/mohaisen_mohammed/xai/app.py
2025-07-18 03:13:51.843 Received event for non-watched file: /home/mohaisen_mohammed/xai/app.py
2025-07-18 03:13:51.856 Received event for non-watched file: /home/mohaisen_mohammed/xai/app.py
2025-07-18 03:13:51.856 Received event for non-watched file: /home/mohaisen_mohammed/xai/app.py
2025-07-18 03:13:51.856 Received event for non-watched file: /home/mohaisen_mohammed/xai/app.py
2025-07-18 03:13:51.857 Received event for non-watched file: /home/mohaisen_mohammed/xai/app.py
2025-07-18 03:13:51.857 Received event for non-watched file: /home/mohaisen_mohammed/xai/app.py
2025-07-18 03:13:51.857 Received event for non-watched file: /home/mohaisen_mohammed/xai/app.py
2025-07-18 03:15:05.406 Received event for non-watched file: /home/mohaisen_mohammed/xai/app.py
2025-07-18 03:15:05.406 Received event for non-watched file: /home/mohaisen_mohammed/xai/app.py
2025-07-18 03:15:05.406 Received event for non-watched file: /home/mohaisen_mohammed/xai/app.py
2025-07-18 03:15:05.406 Received event for non-watched file: /home/mohaisen_mohammed/xai/app.py
2025-07-18 03:15:05.406 Received event for non-watched file: /home/mohaisen_mohammed/xai/app.py
2025-07-18 03:15:05.407 Received event for non-watched file: /home/mohaisen_mohammed/xai/app.py
2025-07-18 03:15:05.421 Received event for non-watched file: /home/mohaisen_mohammed/xai/app.py
2025-07-18 03:15:05.421 Received event for non-watched file: /home/mohaisen_mohammed/xai/app.py
2025-07-18 03:15:05.421 Received event for non-watched file: /home/mohaisen_mohammed/xai/app.py
2025-07-18 03:15:05.421 Received event for non-watched file: /home/mohaisen_mohammed/xai/app.py
2025-07-18 03:15:05.422 Received event for non-watched file: /home/mohaisen_mohammed/xai/app.py
2025-07-18 03:15:05.422 Received event for non-watched file: /home/mohaisen_mohammed/xai/app.py
2025-07-18 03:15:05.453 Received event for non-watched file: /home/mohaisen_mohammed/xai/app.py
2025-07-18 03:15:05.453 Received event for non-watched file: /home/mohaisen_mohammed/xai/app.py
2025-07-18 03:15:05.453 Received event for non-watched file: /home/mohaisen_mohammed/xai/app.py
2025-07-18 03:15:05.453 Received event for non-watched file: /home/mohaisen_mohammed/xai/app.py
2025-07-18 03:15:05.454 Received event for non-watched file: /home/mohaisen_mohammed/xai/app.py
2025-07-18 03:15:05.454 Received event for non-watched file: /home/mohaisen_mohammed/xai/app.py
2025-07-18 03:15:05.467 Received event for non-watched file: /home/mohaisen_mohammed/xai/app.py
2025-07-18 03:15:05.467 Received event for non-watched file: /home/mohaisen_mohammed/xai/app.py
2025-07-18 03:15:05.467 Received event for non-watched file: /home/mohaisen_mohammed/xai/app.py
2025-07-18 03:15:05.467 Received event for non-watched file: /home/mohaisen_mohammed/xai/app.py
2025-07-18 03:15:05.468 Received event for non-watched file: /home/mohaisen_mohammed/xai/app.py
2025-07-18 03:15:05.468 Received event for non-watched file: /home/mohaisen_mohammed/xai/app.py
2025-07-18 03:15:05.501 Received event for non-watched file: /home/mohaisen_mohammed/xai/app.py
2025-07-18 03:15:05.501 Received event for non-watched file: /home/mohaisen_mohammed/xai/app.py
2025-07-18 03:15:05.502 Received event for non-watched file: /home/mohaisen_mohammed/xai/app.py
2025-07-18 03:15:05.502 Received event for non-watched file: /home/mohaisen_mohammed/xai/app.py
2025-07-18 03:15:05.502 Received event for non-watched file: /home/mohaisen_mohammed/xai/app.py
2025-07-18 03:15:05.503 Received event for non-watched file: /home/mohaisen_mohammed/xai/app.py
2025-07-18 03:15:05.517 Received event for non-watched file: /home/mohaisen_mohammed/xai/app.py
2025-07-18 03:15:05.517 Received event for non-watched file: /home/mohaisen_mohammed/xai/app.py
2025-07-18 03:15:05.518 Received event for non-watched file: /home/mohaisen_mohammed/xai/app.py
2025-07-18 03:15:05.518 Received event for non-watched file: /home/mohaisen_mohammed/xai/app.py
2025-07-18 03:15:05.518 Received event for non-watched file: /home/mohaisen_mohammed/xai/app.py
2025-07-18 03:15:05.518 Received event for non-watched file: /home/mohaisen_mohammed/xai/app.py
2025-07-18 03:16:42.314 Received event for non-watched file: /home/mohaisen_mohammed/xai/app.py
2025-07-18 03:16:42.314 Received event for non-watched file: /home/mohaisen_mohammed/xai/app.py
2025-07-18 03:16:42.314 Received event for non-watched file: /home/mohaisen_mohammed/xai/app.py
2025-07-18 03:16:42.314 Received event for non-watched file: /home/mohaisen_mohammed/xai/app.py
2025-07-18 03:16:42.314 Received event for non-watched file: /home/mohaisen_mohammed/xai/app.py
2025-07-18 03:16:42.315 Received event for non-watched file: /home/mohaisen_mohammed/xai/app.py
2025-07-18 03:16:42.328 Received event for non-watched file: /home/mohaisen_mohammed/xai/app.py
2025-07-18 03:16:42.328 Received event for non-watched file: /home/mohaisen_mohammed/xai/app.py
2025-07-18 03:16:42.328 Received event for non-watched file: /home/mohaisen_mohammed/xai/app.py
2025-07-18 03:16:42.328 Received event for non-watched file: /home/mohaisen_mohammed/xai/app.py
2025-07-18 03:16:42.328 Received event for non-watched file: /home/mohaisen_mohammed/xai/app.py
2025-07-18 03:16:42.328 Received event for non-watched file: /home/mohaisen_mohammed/xai/app.py
2025-07-18 03:16:42.360 Received event for non-watched file: /home/mohaisen_mohammed/xai/app.py
2025-07-18 03:16:42.360 Received event for non-watched file: /home/mohaisen_mohammed/xai/app.py
2025-07-18 03:16:42.360 Received event for non-watched file: /home/mohaisen_mohammed/xai/app.py
2025-07-18 03:16:42.361 Received event for non-watched file: /home/mohaisen_mohammed/xai/app.py
2025-07-18 03:16:42.361 Received event for non-watched file: /home/mohaisen_mohammed/xai/app.py
2025-07-18 03:16:42.361 Received event for non-watched file: /home/mohaisen_mohammed/xai/app.py
2025-07-18 03:16:42.375 Received event for non-watched file: /home/mohaisen_mohammed/xai/app.py
2025-07-18 03:16:42.375 Received event for non-watched file: /home/mohaisen_mohammed/xai/app.py
2025-07-18 03:16:42.375 Received event for non-watched file: /home/mohaisen_mohammed/xai/app.py
2025-07-18 03:16:42.375 Received event for non-watched file: /home/mohaisen_mohammed/xai/app.py
2025-07-18 03:16:42.376 Received event for non-watched file: /home/mohaisen_mohammed/xai/app.py
2025-07-18 03:16:42.376 Received event for non-watched file: /home/mohaisen_mohammed/xai/app.py
2025-07-18 03:16:42.424 Received event for non-watched file: /home/mohaisen_mohammed/xai/app.py
2025-07-18 03:16:42.424 Received event for non-watched file: /home/mohaisen_mohammed/xai/app.py
2025-07-18 03:16:42.425 Received event for non-watched file: /home/mohaisen_mohammed/xai/app.py
2025-07-18 03:16:42.425 Received event for non-watched file: /home/mohaisen_mohammed/xai/app.py
2025-07-18 03:16:42.425 Received event for non-watched file: /home/mohaisen_mohammed/xai/app.py
2025-07-18 03:16:42.425 Received event for non-watched file: /home/mohaisen_mohammed/xai/app.py
2025-07-18 03:16:42.440 Received event for non-watched file: /home/mohaisen_mohammed/xai/app.py
2025-07-18 03:16:42.440 Received event for non-watched file: /home/mohaisen_mohammed/xai/app.py
2025-07-18 03:16:42.440 Received event for non-watched file: /home/mohaisen_mohammed/xai/app.py
2025-07-18 03:16:42.440 Received event for non-watched file: /home/mohaisen_mohammed/xai/app.py
2025-07-18 03:16:42.440 Received event for non-watched file: /home/mohaisen_mohammed/xai/app.py
2025-07-18 03:16:42.440 Received event for non-watched file: /home/mohaisen_mohammed/xai/app.py
2025-07-18 03:16:42.478 Received event for non-watched file: /home/mohaisen_mohammed/xai/app.py
2025-07-18 03:16:42.479 Received event for non-watched file: /home/mohaisen_mohammed/xai/app.py
2025-07-18 03:16:42.479 Received event for non-watched file: /home/mohaisen_mohammed/xai/app.py
2025-07-18 03:16:42.479 Received event for non-watched file: /home/mohaisen_mohammed/xai/app.py
2025-07-18 03:16:42.479 Received event for non-watched file: /home/mohaisen_mohammed/xai/app.py
2025-07-18 03:16:42.480 Received event for non-watched file: /home/mohaisen_mohammed/xai/app.py
2025-07-18 03:16:42.491 Received event for non-watched file: /home/mohaisen_mohammed/xai/app.py
2025-07-18 03:16:42.492 Received event for non-watched file: /home/mohaisen_mohammed/xai/app.py
2025-07-18 03:16:42.492 Received event for non-watched file: /home/mohaisen_mohammed/xai/app.py
2025-07-18 03:16:42.492 Received event for non-watched file: /home/mohaisen_mohammed/xai/app.py
2025-07-18 03:16:42.492 Received event for non-watched file: /home/mohaisen_mohammed/xai/app.py
2025-07-18 03:16:42.492 Received event for non-watched file: /home/mohaisen_mohammed/xai/app.py
2025-07-18 03:17:33.339 Uncaught app execution
Traceback (most recent call last):
  File "/home/mohaisen_mohammed/miniconda3/envs/bme/lib/python3.11/site-packages/streamlit/runtime/scriptrunner/exec_code.py", line 121, in exec_func_with_error_handling
    result = func()
             ^^^^^^
  File "/home/mohaisen_mohammed/miniconda3/envs/bme/lib/python3.11/site-packages/streamlit/runtime/scriptrunner/script_runner.py", line 645, in code_to_exec
    exec(code, module.__dict__)
  File "/home/mohaisen_mohammed/xai/app.py", line 221, in <module>
    all_column_data = [c.apply(display_column, args=(i+1, available_runs)) for i, c in enumerate([c1, c2, c3])]
                      ^^^^^^^^^^^^^^^^^^^^^^^^^^^^^^^^^^^^^^^^^^^^^^^^^^^^^^^^^^^^^^^^^^^^^^^^^^^^^^^^^^^^^^^^^
  File "/home/mohaisen_mohammed/xai/app.py", line 221, in <listcomp>
    all_column_data = [c.apply(display_column, args=(i+1, available_runs)) for i, c in enumerate([c1, c2, c3])]
                       ^^^^^^^^^^^^^^^^^^^^^^^^^^^^^^^^^^^^^^^^^^^^^^^^^^^
  File "/home/mohaisen_mohammed/miniconda3/envs/bme/lib/python3.11/site-packages/streamlit/delta_generator.py", line 351, in wrapper
    raise StreamlitAPIException(message)
streamlit.errors.StreamlitAPIException: `apply()` is not a valid Streamlit command.
2025-07-18 03:21:17.213 Received event for non-watched file: /home/mohaisen_mohammed/xai/app.py
2025-07-18 03:21:17.213 Received event for non-watched file: /home/mohaisen_mohammed/xai/app.py
2025-07-18 03:21:17.214 Received event for non-watched file: /home/mohaisen_mohammed/xai/app.py
2025-07-18 03:21:17.229 Received event for non-watched file: /home/mohaisen_mohammed/xai/app.py
2025-07-18 03:21:17.229 Received event for non-watched file: /home/mohaisen_mohammed/xai/app.py
2025-07-18 03:21:17.229 Received event for non-watched file: /home/mohaisen_mohammed/xai/app.py
2025-07-18 10:53:22.066 Received event for non-watched file: /home/mohaisen_mohammed/xai/app.py
2025-07-18 10:53:22.066 Received event for non-watched file: /home/mohaisen_mohammed/xai/app.py
2025-07-18 10:53:22.066 Received event for non-watched file: /home/mohaisen_mohammed/xai/app.py
2025-07-18 10:53:22.067 Received event for non-watched file: /home/mohaisen_mohammed/xai/app.py
2025-07-18 10:53:22.067 Received event for non-watched file: /home/mohaisen_mohammed/xai/app.py
2025-07-18 10:53:22.067 Received event for non-watched file: /home/mohaisen_mohammed/xai/app.py
2025-07-18 10:53:22.079 Received event for non-watched file: /home/mohaisen_mohammed/xai/app.py
2025-07-18 10:53:22.079 Received event for non-watched file: /home/mohaisen_mohammed/xai/app.py
2025-07-18 10:53:22.079 Received event for non-watched file: /home/mohaisen_mohammed/xai/app.py
2025-07-18 10:53:22.080 Received event for non-watched file: /home/mohaisen_mohammed/xai/app.py
2025-07-18 10:53:22.080 Received event for non-watched file: /home/mohaisen_mohammed/xai/app.py
2025-07-18 10:53:22.080 Received event for non-watched file: /home/mohaisen_mohammed/xai/app.py
2025-07-18 10:55:54.370 Received event for non-watched file: /home/mohaisen_mohammed/xai/app.py
2025-07-18 10:55:54.370 Received event for non-watched file: /home/mohaisen_mohammed/xai/app.py
2025-07-18 10:55:54.370 Received event for non-watched file: /home/mohaisen_mohammed/xai/app.py
2025-07-18 10:55:54.370 Received event for non-watched file: /home/mohaisen_mohammed/xai/app.py
2025-07-18 10:55:54.370 Received event for non-watched file: /home/mohaisen_mohammed/xai/app.py
2025-07-18 10:55:54.370 Received event for non-watched file: /home/mohaisen_mohammed/xai/app.py
2025-07-18 10:55:54.384 Received event for non-watched file: /home/mohaisen_mohammed/xai/app.py
2025-07-18 10:55:54.384 Received event for non-watched file: /home/mohaisen_mohammed/xai/app.py
2025-07-18 10:55:54.385 Received event for non-watched file: /home/mohaisen_mohammed/xai/app.py
2025-07-18 10:55:54.385 Received event for non-watched file: /home/mohaisen_mohammed/xai/app.py
2025-07-18 10:55:54.385 Received event for non-watched file: /home/mohaisen_mohammed/xai/app.py
2025-07-18 10:55:54.385 Received event for non-watched file: /home/mohaisen_mohammed/xai/app.py
2025-07-18 10:55:54.424 Received event for non-watched file: /home/mohaisen_mohammed/xai/app.py
2025-07-18 10:55:54.424 Received event for non-watched file: /home/mohaisen_mohammed/xai/app.py
2025-07-18 10:55:54.424 Received event for non-watched file: /home/mohaisen_mohammed/xai/app.py
2025-07-18 10:55:54.424 Received event for non-watched file: /home/mohaisen_mohammed/xai/app.py
2025-07-18 10:55:54.424 Received event for non-watched file: /home/mohaisen_mohammed/xai/app.py
2025-07-18 10:55:54.425 Received event for non-watched file: /home/mohaisen_mohammed/xai/app.py
2025-07-18 10:55:54.436 Received event for non-watched file: /home/mohaisen_mohammed/xai/app.py
2025-07-18 10:55:54.437 Received event for non-watched file: /home/mohaisen_mohammed/xai/app.py
2025-07-18 10:55:54.437 Received event for non-watched file: /home/mohaisen_mohammed/xai/app.py
2025-07-18 10:55:54.437 Received event for non-watched file: /home/mohaisen_mohammed/xai/app.py
2025-07-18 10:55:54.437 Received event for non-watched file: /home/mohaisen_mohammed/xai/app.py
2025-07-18 10:55:54.437 Received event for non-watched file: /home/mohaisen_mohammed/xai/app.py
2025-07-18 11:00:01.799 Received event for non-watched file: /home/mohaisen_mohammed/xai/app.py
2025-07-18 11:00:01.799 Received event for non-watched file: /home/mohaisen_mohammed/xai/app.py
2025-07-18 11:00:01.799 Received event for non-watched file: /home/mohaisen_mohammed/xai/app.py
2025-07-18 11:00:01.800 Received event for non-watched file: /home/mohaisen_mohammed/xai/app.py
2025-07-18 11:00:01.800 Received event for non-watched file: /home/mohaisen_mohammed/xai/app.py
2025-07-18 11:00:01.800 Received event for non-watched file: /home/mohaisen_mohammed/xai/app.py
2025-07-18 11:00:01.811 Received event for non-watched file: /home/mohaisen_mohammed/xai/app.py
2025-07-18 11:00:01.812 Received event for non-watched file: /home/mohaisen_mohammed/xai/app.py
2025-07-18 11:00:01.812 Received event for non-watched file: /home/mohaisen_mohammed/xai/app.py
2025-07-18 11:00:01.812 Received event for non-watched file: /home/mohaisen_mohammed/xai/app.py
2025-07-18 11:00:01.812 Received event for non-watched file: /home/mohaisen_mohammed/xai/app.py
2025-07-18 11:00:01.812 Received event for non-watched file: /home/mohaisen_mohammed/xai/app.py
2025-07-18 11:03:25.941 Received event for non-watched file: /home/mohaisen_mohammed/xai/app.py
2025-07-18 11:03:25.941 Received event for non-watched file: /home/mohaisen_mohammed/xai/app.py
2025-07-18 11:03:25.941 Received event for non-watched file: /home/mohaisen_mohammed/xai/app.py
2025-07-18 11:03:25.941 Received event for non-watched file: /home/mohaisen_mohammed/xai/app.py
2025-07-18 11:03:25.941 Received event for non-watched file: /home/mohaisen_mohammed/xai/app.py
2025-07-18 11:03:25.941 Received event for non-watched file: /home/mohaisen_mohammed/xai/app.py
2025-07-18 11:03:25.955 Received event for non-watched file: /home/mohaisen_mohammed/xai/app.py
2025-07-18 11:03:25.955 Received event for non-watched file: /home/mohaisen_mohammed/xai/app.py
2025-07-18 11:03:25.955 Received event for non-watched file: /home/mohaisen_mohammed/xai/app.py
2025-07-18 11:03:25.955 Received event for non-watched file: /home/mohaisen_mohammed/xai/app.py
2025-07-18 11:03:25.955 Received event for non-watched file: /home/mohaisen_mohammed/xai/app.py
2025-07-18 11:03:25.955 Received event for non-watched file: /home/mohaisen_mohammed/xai/app.py
2025-07-18 11:06:30.133 Received event for non-watched file: /home/mohaisen_mohammed/xai/app.py
2025-07-18 11:06:30.134 Received event for non-watched file: /home/mohaisen_mohammed/xai/app.py
2025-07-18 11:06:30.134 Received event for non-watched file: /home/mohaisen_mohammed/xai/app.py
2025-07-18 11:06:30.134 Received event for non-watched file: /home/mohaisen_mohammed/xai/app.py
2025-07-18 11:06:30.134 Received event for non-watched file: /home/mohaisen_mohammed/xai/app.py
2025-07-18 11:06:30.134 Received event for non-watched file: /home/mohaisen_mohammed/xai/app.py
2025-07-18 11:06:30.145 Received event for non-watched file: /home/mohaisen_mohammed/xai/app.py
2025-07-18 11:06:30.146 Received event for non-watched file: /home/mohaisen_mohammed/xai/app.py
2025-07-18 11:06:30.146 Received event for non-watched file: /home/mohaisen_mohammed/xai/app.py
2025-07-18 11:06:30.146 Received event for non-watched file: /home/mohaisen_mohammed/xai/app.py
2025-07-18 11:06:30.146 Received event for non-watched file: /home/mohaisen_mohammed/xai/app.py
2025-07-18 11:06:30.146 Received event for non-watched file: /home/mohaisen_mohammed/xai/app.py
2025-07-18 11:25:16.884 Received event for non-watched file: /home/mohaisen_mohammed/xai/app.py
2025-07-18 11:25:16.884 Received event for non-watched file: /home/mohaisen_mohammed/xai/app.py
2025-07-18 11:25:16.885 Received event for non-watched file: /home/mohaisen_mohammed/xai/app.py
2025-07-18 11:25:16.885 Received event for non-watched file: /home/mohaisen_mohammed/xai/app.py
2025-07-18 11:25:16.885 Received event for non-watched file: /home/mohaisen_mohammed/xai/app.py
2025-07-18 11:25:16.885 Received event for non-watched file: /home/mohaisen_mohammed/xai/app.py
2025-07-18 11:25:16.899 Received event for non-watched file: /home/mohaisen_mohammed/xai/app.py
2025-07-18 11:25:16.899 Received event for non-watched file: /home/mohaisen_mohammed/xai/app.py
2025-07-18 11:25:16.899 Received event for non-watched file: /home/mohaisen_mohammed/xai/app.py
2025-07-18 11:25:16.900 Received event for non-watched file: /home/mohaisen_mohammed/xai/app.py
2025-07-18 11:25:16.900 Received event for non-watched file: /home/mohaisen_mohammed/xai/app.py
2025-07-18 11:25:16.900 Received event for non-watched file: /home/mohaisen_mohammed/xai/app.py
2025-07-18 11:31:09.754 Received event for non-watched file: /home/mohaisen_mohammed/xai/app.py
2025-07-18 11:31:09.754 Received event for non-watched file: /home/mohaisen_mohammed/xai/app.py
2025-07-18 11:31:09.755 Received event for non-watched file: /home/mohaisen_mohammed/xai/app.py
2025-07-18 11:31:09.755 Received event for non-watched file: /home/mohaisen_mohammed/xai/app.py
2025-07-18 11:31:09.755 Received event for non-watched file: /home/mohaisen_mohammed/xai/app.py
2025-07-18 11:31:09.755 Received event for non-watched file: /home/mohaisen_mohammed/xai/app.py
2025-07-18 11:34:11.243 Received event for non-watched file: /home/mohaisen_mohammed/xai/app.py
2025-07-18 11:34:11.243 Received event for non-watched file: /home/mohaisen_mohammed/xai/app.py
2025-07-18 11:34:11.243 Received event for non-watched file: /home/mohaisen_mohammed/xai/app.py
2025-07-18 11:34:11.243 Received event for non-watched file: /home/mohaisen_mohammed/xai/app.py
2025-07-18 11:34:11.243 Received event for non-watched file: /home/mohaisen_mohammed/xai/app.py
2025-07-18 11:34:11.243 Received event for non-watched file: /home/mohaisen_mohammed/xai/app.py
2025-07-18 11:40:39.221 Received event for non-watched file: /home/mohaisen_mohammed/xai/app.py
2025-07-18 11:40:39.221 Received event for non-watched file: /home/mohaisen_mohammed/xai/app.py
2025-07-18 11:40:39.222 Received event for non-watched file: /home/mohaisen_mohammed/xai/app.py
2025-07-18 11:40:39.222 Received event for non-watched file: /home/mohaisen_mohammed/xai/app.py
2025-07-18 11:40:39.222 Received event for non-watched file: /home/mohaisen_mohammed/xai/app.py
2025-07-18 11:40:39.223 Received event for non-watched file: /home/mohaisen_mohammed/xai/app.py
2025-07-18 11:40:42.664 Received event for non-watched file: /home/mohaisen_mohammed/xai/app.py
2025-07-18 11:40:42.664 Received event for non-watched file: /home/mohaisen_mohammed/xai/app.py
2025-07-18 11:40:42.664 Received event for non-watched file: /home/mohaisen_mohammed/xai/app.py
2025-07-18 11:40:42.664 Received event for non-watched file: /home/mohaisen_mohammed/xai/app.py
2025-07-18 11:40:42.664 Received event for non-watched file: /home/mohaisen_mohammed/xai/app.py
2025-07-18 11:40:42.665 Received event for non-watched file: /home/mohaisen_mohammed/xai/app.py
2025-07-18 11:40:50.755 Received event for non-watched file: /home/mohaisen_mohammed/xai/app.py
2025-07-18 11:40:50.755 Received event for non-watched file: /home/mohaisen_mohammed/xai/app.py
2025-07-18 11:40:50.755 Received event for non-watched file: /home/mohaisen_mohammed/xai/app.py
2025-07-18 11:40:50.755 Received event for non-watched file: /home/mohaisen_mohammed/xai/app.py
2025-07-18 11:40:50.755 Received event for non-watched file: /home/mohaisen_mohammed/xai/app.py
2025-07-18 11:40:50.755 Received event for non-watched file: /home/mohaisen_mohammed/xai/app.py
2025-07-18 11:45:41.484 Received event for non-watched file: /home/mohaisen_mohammed/xai/app.py
2025-07-18 11:45:41.485 Received event for non-watched file: /home/mohaisen_mohammed/xai/app.py
2025-07-18 11:45:41.485 Received event for non-watched file: /home/mohaisen_mohammed/xai/app.py
2025-07-18 11:45:41.485 Received event for non-watched file: /home/mohaisen_mohammed/xai/app.py
2025-07-18 11:45:41.485 Received event for non-watched file: /home/mohaisen_mohammed/xai/app.py
2025-07-18 11:45:41.485 Received event for non-watched file: /home/mohaisen_mohammed/xai/app.py
2025-07-18 13:50:03.053 Uncaught app execution
Traceback (most recent call last):
  File "/home/mohaisen_mohammed/miniconda3/envs/bme/lib/python3.11/site-packages/streamlit/runtime/scriptrunner/exec_code.py", line 121, in exec_func_with_error_handling
    result = func()
             ^^^^^^
  File "/home/mohaisen_mohammed/miniconda3/envs/bme/lib/python3.11/site-packages/streamlit/runtime/scriptrunner/script_runner.py", line 645, in code_to_exec
    exec(code, module.__dict__)
  File "/home/mohaisen_mohammed/xai/app.py", line 221, in <module>
    ax.set_ylim(0, 1.05)
                  ^^^^^^^
  File "/home/mohaisen_mohammed/xai/app.py", line 221, in <listcomp>
    ax.set_ylim(0, 1.05)
                   ^^^^^^
  File "/home/mohaisen_mohammed/miniconda3/envs/bme/lib/python3.11/site-packages/streamlit/delta_generator.py", line 351, in wrapper
    raise StreamlitAPIException(message)
streamlit.errors.StreamlitAPIException: `apply()` is not a valid Streamlit command.
2025-07-19 12:35:52.874 Received event for non-watched file: /home/mohaisen_mohammed/xai/app.py
2025-07-19 12:35:52.874 Received event for non-watched file: /home/mohaisen_mohammed/xai/app.py
2025-07-19 12:35:52.875 Received event for non-watched file: /home/mohaisen_mohammed/xai/app.py
2025-07-19 12:35:52.876 Received event for non-watched file: /home/mohaisen_mohammed/xai/app.py
2025-07-19 12:35:52.876 Received event for non-watched file: /home/mohaisen_mohammed/xai/app.py
2025-07-19 12:36:10.789 Received event for non-watched file: /home/mohaisen_mohammed/xai/app.py
2025-07-19 12:36:10.789 Received event for non-watched file: /home/mohaisen_mohammed/xai/app.py
2025-07-19 12:36:10.789 Received event for non-watched file: /home/mohaisen_mohammed/xai/app.py
2025-07-19 12:36:10.790 Received event for non-watched file: /home/mohaisen_mohammed/xai/app.py
2025-07-19 12:36:10.790 Received event for non-watched file: /home/mohaisen_mohammed/xai/app.py
2025-07-19 12:47:11.891 Received event for non-watched file: /home/mohaisen_mohammed/xai/app.py
2025-07-19 12:47:11.891 Received event for non-watched file: /home/mohaisen_mohammed/xai/app.py
2025-07-19 12:47:11.891 Received event for non-watched file: /home/mohaisen_mohammed/xai/app.py
2025-07-19 12:47:11.892 Received event for non-watched file: /home/mohaisen_mohammed/xai/app.py
2025-07-19 12:47:11.893 Received event for non-watched file: /home/mohaisen_mohammed/xai/app.py
2025-07-19 12:52:43.044 Received event for non-watched file: /home/mohaisen_mohammed/xai/app.py
2025-07-19 12:52:43.044 Received event for non-watched file: /home/mohaisen_mohammed/xai/app.py
2025-07-19 12:52:43.044 Received event for non-watched file: /home/mohaisen_mohammed/xai/app.py
2025-07-19 12:52:43.044 Received event for non-watched file: /home/mohaisen_mohammed/xai/app.py
2025-07-19 12:52:43.044 Received event for non-watched file: /home/mohaisen_mohammed/xai/app.py
